# JRE version: Java(TM) SE Runtime Environment (8.0_144-b01) (build 1.8.0_144-b01)
# Java VM: Java HotSpot(TM) 64-Bit Server VM (25.144-b01 mixed mode linux-amd64 compressed oops)
Heap:
 PSYoungGen      total 214528K, used 9088K [0x00000000d6f00000, 0x00000000e5180000, 0x0000000100000000)
  eden space 197120K, 0% used [0x00000000d6f00000,0x00000000d6f00000,0x00000000e2f80000)
  from space 17408K, 52% used [0x00000000e2f80000,0x00000000e38602a8,0x00000000e4080000)
  to   space 12288K, 0% used [0x00000000e4580000,0x00000000e4580000,0x00000000e5180000)
 ParOldGen       total 103424K, used 25015K [0x0000000084c00000, 0x000000008b100000, 0x00000000d6f00000)
  object space 103424K, 24% used [0x0000000084c00000,0x000000008646df08,0x000000008b100000)
 Metaspace       used 37834K, capacity 38358K, committed 38528K, reserved 1083392K
  class space    used 5077K, capacity 5214K, committed 5248K, reserved 1048576K
GC Heap History (10 events):
Event: 2.604 GC heap after
Heap after GC invocations=8 (full 1):
 PSYoungGen      total 130048K, used 8196K [0x00000000d6f00000, 0x00000000e1c80000, 0x0000000100000000)
  eden space 120320K, 0% used [0x00000000d6f00000,0x00000000d6f00000,0x00000000de480000)
  from space 9728K, 84% used [0x00000000de480000,0x00000000dec81338,0x00000000dee00000)
  to   space 10240K, 0% used [0x00000000e1280000,0x00000000e1280000,0x00000000e1c80000)
 ParOldGen       total 56832K, used 8141K [0x0000000084c00000, 0x0000000088380000, 0x00000000d6f00000)
  object space 56832K, 14% used [0x0000000084c00000,0x00000000853f36a0,0x0000000088380000)
 Metaspace       used 25149K, capacity 25510K, committed 25728K, reserved 1071104K
  class space    used 3232K, capacity 3334K, committed 3456K, reserved 1048576K
}
Event: 3.298 GC heap before
{Heap before GC invocations=9 (full 1):
 PSYoungGen      total 130048K, used 128516K [0x00000000d6f00000, 0x00000000e1c80000, 0x0000000100000000)
  eden space 120320K, 100% used [0x00000000d6f00000,0x00000000de480000,0x00000000de480000)
  from space 9728K, 84% used [0x00000000de480000,0x00000000dec81338,0x00000000dee00000)
  to   space 10240K, 0% used [0x00000000e1280000,0x00000000e1280000,0x00000000e1c80000)
 ParOldGen       total 56832K, used 8141K [0x0000000084c00000, 0x0000000088380000, 0x00000000d6f00000)
  object space 56832K, 14% used [0x0000000084c00000,0x00000000853f36a0,0x0000000088380000)
 Metaspace       used 28364K, capacity 28726K, committed 29184K, reserved 1075200K
  class space    used 3663K, capacity 3758K, committed 3840K, reserved 1048576K
Event: 3.316 GC heap after
Heap after GC invocations=9 (full 1):
 PSYoungGen      total 163328K, used 10239K [0x00000000d6f00000, 0x00000000e4100000, 0x0000000100000000)
  eden space 153088K, 0% used [0x00000000d6f00000,0x00000000d6f00000,0x00000000e0480000)
  from space 10240K, 99% used [0x00000000e1280000,0x00000000e1c7fe38,0x00000000e1c80000)
  to   space 14336K, 0% used [0x00000000e0480000,0x00000000e0480000,0x00000000e1280000)
 ParOldGen       total 56832K, used 14843K [0x0000000084c00000, 0x0000000088380000, 0x00000000d6f00000)
  object space 56832K, 26% used [0x0000000084c00000,0x0000000085a7ecf8,0x0000000088380000)
 Metaspace       used 28364K, capacity 28726K, committed 29184K, reserved 1075200K
  class space    used 3663K, capacity 3758K, committed 3840K, reserved 1048576K
}
Event: 4.671 GC heap before
{Heap before GC invocations=10 (full 1):
 PSYoungGen      total 163328K, used 163327K [0x00000000d6f00000, 0x00000000e4100000, 0x0000000100000000)
  eden space 153088K, 100% used [0x00000000d6f00000,0x00000000e0480000,0x00000000e0480000)
  from space 10240K, 99% used [0x00000000e1280000,0x00000000e1c7fe38,0x00000000e1c80000)
  to   space 14336K, 0% used [0x00000000e0480000,0x00000000e0480000,0x00000000e1280000)
 ParOldGen       total 56832K, used 14843K [0x0000000084c00000, 0x0000000088380000, 0x00000000d6f00000)
  object space 56832K, 26% used [0x0000000084c00000,0x0000000085a7ecf8,0x0000000088380000)
 Metaspace       used 34085K, capacity 34532K, committed 34944K, reserved 1079296K
  class space    used 4574K, capacity 4683K, committed 4736K, reserved 1048576K
Event: 4.701 GC heap after
Heap after GC invocations=10 (full 1):
 PSYoungGen      total 167424K, used 14325K [0x00000000d6f00000, 0x00000000e5700000, 0x0000000100000000)
  eden space 153088K, 0% used [0x00000000d6f00000,0x00000000d6f00000,0x00000000e0480000)
  from space 14336K, 99% used [0x00000000e0480000,0x00000000e127d5b0,0x00000000e1280000)
  to   space 17920K, 0% used [0x00000000e4580000,0x00000000e4580000,0x00000000e5700000)
 ParOldGen       total 56832K, used 18967K [0x0000000084c00000, 0x0000000088380000, 0x00000000d6f00000)
  object space 56832K, 33% used [0x0000000084c00000,0x0000000085e85ff0,0x0000000088380000)
 Metaspace       used 34085K, capacity 34532K, committed 34944K, reserved 1079296K
  class space    used 4574K, capacity 4683K, committed 4736K, reserved 1048576K
}
Event: 8.005 GC heap before
{Heap before GC invocations=11 (full 1):
 PSYoungGen      total 167424K, used 41534K [0x00000000d6f00000, 0x00000000e5700000, 0x0000000100000000)
  eden space 153088K, 17% used [0x00000000d6f00000,0x00000000d89924c0,0x00000000e0480000)
  from space 14336K, 99% used [0x00000000e0480000,0x00000000e127d5b0,0x00000000e1280000)
  to   space 17920K, 0% used [0x00000000e4580000,0x00000000e4580000,0x00000000e5700000)
 ParOldGen       total 56832K, used 18967K [0x0000000084c00000, 0x0000000088380000, 0x00000000d6f00000)
  object space 56832K, 33% used [0x0000000084c00000,0x0000000085e85ff0,0x0000000088380000)
 Metaspace       used 34847K, capacity 35210K, committed 35416K, reserved 1079296K
  class space    used 4674K, capacity 4780K, committed 4864K, reserved 1048576K
Event: 8.043 GC heap after
Heap after GC invocations=11 (full 1):
 PSYoungGen      total 209408K, used 6410K [0x00000000d6f00000, 0x00000000e5180000, 0x0000000100000000)
  eden space 197120K, 0% used [0x00000000d6f00000,0x00000000d6f00000,0x00000000e2f80000)
  from space 12288K, 52% used [0x00000000e4580000,0x00000000e4bc2a08,0x00000000e5180000)
  to   space 17408K, 0% used [0x00000000e2f80000,0x00000000e2f80000,0x00000000e4080000)
 ParOldGen       total 56832K, used 27507K [0x0000000084c00000, 0x0000000088380000, 0x00000000d6f00000)
  object space 56832K, 48% used [0x0000000084c00000,0x00000000866dcfc0,0x0000000088380000)
 Metaspace       used 34847K, capacity 35210K, committed 35416K, reserved 1079296K
  class space    used 4674K, capacity 4780K, committed 4864K, reserved 1048576K
}
Event: 8.044 GC heap before
{Heap before GC invocations=12 (full 2):
 PSYoungGen      total 209408K, used 6410K [0x00000000d6f00000, 0x00000000e5180000, 0x0000000100000000)
  eden space 197120K, 0% used [0x00000000d6f00000,0x00000000d6f00000,0x00000000e2f80000)
  from space 12288K, 52% used [0x00000000e4580000,0x00000000e4bc2a08,0x00000000e5180000)
  to   space 17408K, 0% used [0x00000000e2f80000,0x00000000e2f80000,0x00000000e4080000)
 ParOldGen       total 56832K, used 27507K [0x0000000084c00000, 0x0000000088380000, 0x00000000d6f00000)
  object space 56832K, 48% used [0x0000000084c00000,0x00000000866dcfc0,0x0000000088380000)
 Metaspace       used 34847K, capacity 35210K, committed 35416K, reserved 1079296K
  class space    used 4674K, capacity 4780K, committed 4864K, reserved 1048576K
Event: 8.258 GC heap after
Heap after GC invocations=12 (full 2):
 PSYoungGen      total 209408K, used 0K [0x00000000d6f00000, 0x00000000e5180000, 0x0000000100000000)
  eden space 197120K, 0% used [0x00000000d6f00000,0x00000000d6f00000,0x00000000e2f80000)
  from space 12288K, 0% used [0x00000000e4580000,0x00000000e4580000,0x00000000e5180000)
  to   space 17408K, 0% used [0x00000000e2f80000,0x00000000e2f80000,0x00000000e4080000)
 ParOldGen       total 103424K, used 25015K [0x0000000084c00000, 0x000000008b100000, 0x00000000d6f00000)
  object space 103424K, 24% used [0x0000000084c00000,0x000000008646df08,0x000000008b100000)
 Metaspace       used 34847K, capacity 35210K, committed 35416K, reserved 1079296K
  class space    used 4674K, capacity 4780K, committed 4864K, reserved 1048576K
}
Event: 15.268 GC heap before
{Heap before GC invocations=13 (full 2):
 PSYoungGen      total 209408K, used 197120K [0x00000000d6f00000, 0x00000000e5180000, 0x0000000100000000)
  eden space 197120K, 100% used [0x00000000d6f00000,0x00000000e2f80000,0x00000000e2f80000)
  from space 12288K, 0% used [0x00000000e4580000,0x00000000e4580000,0x00000000e5180000)
  to   space 17408K, 0% used [0x00000000e2f80000,0x00000000e2f80000,0x00000000e4080000)
 ParOldGen       total 103424K, used 25015K [0x0000000084c00000, 0x000000008b100000, 0x00000000d6f00000)
  object space 103424K, 24% used [0x0000000084c00000,0x000000008646df08,0x000000008b100000)
 Metaspace       used 37834K, capacity 38358K, committed 38528K, reserved 1083392K
  class space    used 5077K, capacity 5214K, committed 5248K, reserved 1048576K

